<?xml version="1.0" encoding="utf-8"?><testsuites name="pytest tests"><testsuite name="pytest" errors="0" failures="0" skipped="0" tests="3" time="1.293" timestamp="2026-08-15T18:25:56.197554+00:00" hostname="agent-env-992a3832-5a75-419c-9848-7624e2c80ebe"><testcase classname="tests.test_selisih_api" name="test_seed_list_and_total" time="0.120" /><testcase classname="tests.test_selisih_api" name="test_seed_detail_and_share_token" time="0.389" /><testcase classname="tests.test_selisih_api" name="test_create_persists_and_comparison_rules" time="0.256" /></testsuite></testsuites>